{"C:\\Users\\kinsb\\Documents\\my-react-app\\src\\assets\\pages\\LoginPage.jsx": {"path":"C:\\Users\\kinsb\\Documents\\my-react-app\\src\\assets\\pages\\LoginPage.jsx","statementMap":{"0":{"start":{"line":11,"column":94},"end":{"line":11,"column":104}},"1":{"start":{"line":13,"column":18},"end":{"line":191,"column":1}},"2":{"start":{"line":14,"column":19},"end":{"line":14,"column":32}},"3":{"start":{"line":15,"column":20},"end":{"line":15,"column":29}},"4":{"start":{"line":17,"column":42},"end":{"line":17,"column":57}},"5":{"start":{"line":18,"column":54},"end":{"line":18,"column":66}},"6":{"start":{"line":19,"column":36},"end":{"line":19,"column":51}},"7":{"start":{"line":20,"column":50},"end":{"line":20,"column":61}},"8":{"start":{"line":21,"column":44},"end":{"line":21,"column":59}},"9":{"start":{"line":22,"column":52},"end":{"line":22,"column":63}},"10":{"start":{"line":30,"column":6},"end":{"line":30,"column":15}},"11":{"start":{"line":32,"column":35},"end":{"line":34,"column":3}},"12":{"start":{"line":33,"column":4},"end":{"line":33,"column":37}},"13":{"start":{"line":33,"column":30},"end":{"line":33,"column":35}},"14":{"start":{"line":36,"column":22},"end":{"line":60,"column":3}},"15":{"start":{"line":37,"column":4},"end":{"line":37,"column":23}},"16":{"start":{"line":38,"column":4},"end":{"line":59,"column":5}},"17":{"start":{"line":39,"column":23},"end":{"line":43,"column":8}},"18":{"start":{"line":45,"column":21},"end":{"line":45,"column":42}},"19":{"start":{"line":47,"column":6},"end":{"line":53,"column":7}},"20":{"start":{"line":48,"column":8},"end":{"line":48,"column":56}},"21":{"start":{"line":49,"column":8},"end":{"line":49,"column":22}},"22":{"start":{"line":51,"column":8},"end":{"line":51,"column":28}},"23":{"start":{"line":52,"column":8},"end":{"line":52,"column":73}},"24":{"start":{"line":55,"column":6},"end":{"line":55,"column":40}},"25":{"start":{"line":56,"column":6},"end":{"line":56,"column":92}},"26":{"start":{"line":58,"column":6},"end":{"line":58,"column":26}},"27":{"start":{"line":62,"column":28},"end":{"line":64,"column":3}},"28":{"start":{"line":63,"column":4},"end":{"line":63,"column":44}},"29":{"start":{"line":63,"column":34},"end":{"line":63,"column":42}},"30":{"start":{"line":67,"column":2},"end":{"line":94,"column":9}},"31":{"start":{"line":69,"column":26},"end":{"line":69,"column":63}},"32":{"start":{"line":70,"column":4},"end":{"line":93,"column":5}},"33":{"start":{"line":71,"column":29},"end":{"line":71,"column":76}},"34":{"start":{"line":72,"column":6},"end":{"line":92,"column":7}},"35":{"start":{"line":73,"column":8},"end":{"line":73,"column":31}},"36":{"start":{"line":74,"column":8},"end":{"line":74,"column":45}},"37":{"start":{"line":76,"column":25},"end":{"line":87,"column":16}},"38":{"start":{"line":77,"column":10},"end":{"line":86,"column":13}},"39":{"start":{"line":78,"column":12},"end":{"line":84,"column":13}},"40":{"start":{"line":79,"column":14},"end":{"line":79,"column":38}},"41":{"start":{"line":80,"column":14},"end":{"line":80,"column":38}},"42":{"start":{"line":81,"column":14},"end":{"line":81,"column":37}},"43":{"start":{"line":82,"column":14},"end":{"line":82,"column":55}},"44":{"start":{"line":83,"column":14},"end":{"line":83,"column":23}},"45":{"start":{"line":85,"column":12},"end":{"line":85,"column":28}},"46":{"start":{"line":89,"column":8},"end":{"line":89,"column":45}},"47":{"start":{"line":89,"column":21},"end":{"line":89,"column":44}},"48":{"start":{"line":91,"column":8},"end":{"line":91,"column":49}},"49":{"start":{"line":96,"column":2},"end":{"line":119,"column":25}},"50":{"start":{"line":97,"column":4},"end":{"line":118,"column":5}},"51":{"start":{"line":98,"column":6},"end":{"line":98,"column":59}},"52":{"start":{"line":99,"column":6},"end":{"line":99,"column":29}},"53":{"start":{"line":100,"column":31},"end":{"line":100,"column":49}},"54":{"start":{"line":101,"column":6},"end":{"line":101,"column":62}},"55":{"start":{"line":102,"column":6},"end":{"line":102,"column":31}},"56":{"start":{"line":104,"column":23},"end":{"line":115,"column":14}},"57":{"start":{"line":105,"column":8},"end":{"line":114,"column":11}},"58":{"start":{"line":106,"column":10},"end":{"line":112,"column":11}},"59":{"start":{"line":107,"column":12},"end":{"line":107,"column":36}},"60":{"start":{"line":108,"column":12},"end":{"line":108,"column":36}},"61":{"start":{"line":109,"column":12},"end":{"line":109,"column":35}},"62":{"start":{"line":110,"column":12},"end":{"line":110,"column":53}},"63":{"start":{"line":111,"column":12},"end":{"line":111,"column":21}},"64":{"start":{"line":113,"column":10},"end":{"line":113,"column":26}},"65":{"start":{"line":117,"column":6},"end":{"line":117,"column":43}},"66":{"start":{"line":117,"column":19},"end":{"line":117,"column":42}},"67":{"start":{"line":121,"column":19},"end":{"line":124,"column":3}},"68":{"start":{"line":122,"column":4},"end":{"line":122,"column":27}},"69":{"start":{"line":123,"column":4},"end":{"line":123,"column":22}},"70":{"start":{"line":126,"column":2},"end":{"line":190,"column":4}},"71":{"start":{"line":132,"column":23},"end":{"line":132,"column":48}}},"fnMap":{"0":{"name":"(anonymous_0)","decl":{"start":{"line":13,"column":18},"end":{"line":13,"column":19}},"loc":{"start":{"line":13,"column":24},"end":{"line":191,"column":1}},"line":13},"1":{"name":"(anonymous_1)","decl":{"start":{"line":32,"column":35},"end":{"line":32,"column":36}},"loc":{"start":{"line":32,"column":41},"end":{"line":34,"column":3}},"line":32},"2":{"name":"(anonymous_2)","decl":{"start":{"line":33,"column":20},"end":{"line":33,"column":21}},"loc":{"start":{"line":33,"column":30},"end":{"line":33,"column":35}},"line":33},"3":{"name":"(anonymous_3)","decl":{"start":{"line":36,"column":22},"end":{"line":36,"column":23}},"loc":{"start":{"line":36,"column":38},"end":{"line":60,"column":3}},"line":36},"4":{"name":"(anonymous_4)","decl":{"start":{"line":62,"column":28},"end":{"line":62,"column":29}},"loc":{"start":{"line":62,"column":34},"end":{"line":64,"column":3}},"line":62},"5":{"name":"(anonymous_5)","decl":{"start":{"line":63,"column":24},"end":{"line":63,"column":25}},"loc":{"start":{"line":63,"column":34},"end":{"line":63,"column":42}},"line":63},"6":{"name":"(anonymous_6)","decl":{"start":{"line":67,"column":12},"end":{"line":67,"column":13}},"loc":{"start":{"line":67,"column":18},"end":{"line":94,"column":3}},"line":67},"7":{"name":"(anonymous_7)","decl":{"start":{"line":76,"column":37},"end":{"line":76,"column":38}},"loc":{"start":{"line":76,"column":43},"end":{"line":87,"column":9}},"line":76},"8":{"name":"(anonymous_8)","decl":{"start":{"line":77,"column":31},"end":{"line":77,"column":32}},"loc":{"start":{"line":77,"column":41},"end":{"line":86,"column":11}},"line":77},"9":{"name":"(anonymous_9)","decl":{"start":{"line":89,"column":15},"end":{"line":89,"column":16}},"loc":{"start":{"line":89,"column":21},"end":{"line":89,"column":44}},"line":89},"10":{"name":"(anonymous_10)","decl":{"start":{"line":96,"column":12},"end":{"line":96,"column":13}},"loc":{"start":{"line":96,"column":18},"end":{"line":119,"column":3}},"line":96},"11":{"name":"(anonymous_11)","decl":{"start":{"line":104,"column":35},"end":{"line":104,"column":36}},"loc":{"start":{"line":104,"column":41},"end":{"line":115,"column":7}},"line":104},"12":{"name":"(anonymous_12)","decl":{"start":{"line":105,"column":29},"end":{"line":105,"column":30}},"loc":{"start":{"line":105,"column":39},"end":{"line":114,"column":9}},"line":105},"13":{"name":"(anonymous_13)","decl":{"start":{"line":117,"column":13},"end":{"line":117,"column":14}},"loc":{"start":{"line":117,"column":19},"end":{"line":117,"column":42}},"line":117},"14":{"name":"(anonymous_14)","decl":{"start":{"line":121,"column":19},"end":{"line":121,"column":20}},"loc":{"start":{"line":121,"column":36},"end":{"line":124,"column":3}},"line":121},"15":{"name":"(anonymous_15)","decl":{"start":{"line":132,"column":17},"end":{"line":132,"column":18}},"loc":{"start":{"line":132,"column":23},"end":{"line":132,"column":48}},"line":132}},"branchMap":{"0":{"loc":{"start":{"line":47,"column":6},"end":{"line":53,"column":7}},"type":"if","locations":[{"start":{"line":47,"column":6},"end":{"line":53,"column":7}},{"start":{"line":50,"column":13},"end":{"line":53,"column":7}}],"line":47},"1":{"loc":{"start":{"line":52,"column":30},"end":{"line":52,"column":71}},"type":"binary-expr","locations":[{"start":{"line":52,"column":30},"end":{"line":52,"column":44}},{"start":{"line":52,"column":48},"end":{"line":52,"column":71}}],"line":52},"2":{"loc":{"start":{"line":70,"column":4},"end":{"line":93,"column":5}},"type":"if","locations":[{"start":{"line":70,"column":4},"end":{"line":93,"column":5}},{"start":{},"end":{}}],"line":70},"3":{"loc":{"start":{"line":72,"column":6},"end":{"line":92,"column":7}},"type":"if","locations":[{"start":{"line":72,"column":6},"end":{"line":92,"column":7}},{"start":{"line":90,"column":13},"end":{"line":92,"column":7}}],"line":72},"4":{"loc":{"start":{"line":78,"column":12},"end":{"line":84,"column":13}},"type":"if","locations":[{"start":{"line":78,"column":12},"end":{"line":84,"column":13}},{"start":{},"end":{}}],"line":78},"5":{"loc":{"start":{"line":97,"column":4},"end":{"line":118,"column":5}},"type":"if","locations":[{"start":{"line":97,"column":4},"end":{"line":118,"column":5}},{"start":{},"end":{}}],"line":97},"6":{"loc":{"start":{"line":106,"column":10},"end":{"line":112,"column":11}},"type":"if","locations":[{"start":{"line":106,"column":10},"end":{"line":112,"column":11}},{"start":{},"end":{}}],"line":106},"7":{"loc":{"start":{"line":157,"column":22},"end":{"line":157,"column":56}},"type":"cond-expr","locations":[{"start":{"line":157,"column":37},"end":{"line":157,"column":43}},{"start":{"line":157,"column":46},"end":{"line":157,"column":56}}],"line":157},"8":{"loc":{"start":{"line":170,"column":17},"end":{"line":170,"column":110}},"type":"cond-expr","locations":[{"start":{"line":170,"column":32},"end":{"line":170,"column":72}},{"start":{"line":170,"column":75},"end":{"line":170,"column":110}}],"line":170},"9":{"loc":{"start":{"line":183,"column":27},"end":{"line":183,"column":97}},"type":"cond-expr","locations":[{"start":{"line":183,"column":43},"end":{"line":183,"column":78}},{"start":{"line":183,"column":81},"end":{"line":183,"column":97}}],"line":183}},"s":{"0":1,"1":1,"2":9,"3":9,"4":9,"5":9,"6":9,"7":9,"8":9,"9":9,"10":9,"11":9,"12":0,"13":0,"14":9,"15":2,"16":2,"17":2,"18":2,"19":2,"20":0,"21":0,"22":2,"23":2,"24":0,"25":0,"26":2,"27":9,"28":2,"29":2,"30":9,"31":5,"32":5,"33":0,"34":0,"35":0,"36":0,"37":0,"38":0,"39":0,"40":0,"41":0,"42":0,"43":0,"44":0,"45":0,"46":0,"47":0,"48":0,"49":9,"50":7,"51":0,"52":0,"53":0,"54":0,"55":0,"56":0,"57":0,"58":0,"59":0,"60":0,"61":0,"62":0,"63":0,"64":0,"65":0,"66":0,"67":9,"68":2,"69":2,"70":9,"71":0},"f":{"0":9,"1":0,"2":0,"3":2,"4":2,"5":2,"6":5,"7":0,"8":0,"9":0,"10":7,"11":0,"12":0,"13":0,"14":2,"15":0},"b":{"0":[0,2],"1":[2,0],"2":[0,5],"3":[0,0],"4":[0,0],"5":[0,7],"6":[0,0],"7":[0,9],"8":[0,9],"9":[0,9]},"_coverageSchema":"1a1c01bbd47fc00a2c39e90264f33305004495a9","hash":"a064cbd9c91160b3c254f3275465f67423b9b836"}
,"C:\\Users\\kinsb\\Documents\\my-react-app\\src\\assets\\server\\authUser.jsx": {"path":"C:\\Users\\kinsb\\Documents\\my-react-app\\src\\assets\\server\\authUser.jsx","statementMap":{"0":{"start":{"line":5,"column":27},"end":{"line":5,"column":42}},"1":{"start":{"line":7,"column":23},"end":{"line":7,"column":52}},"2":{"start":{"line":7,"column":29},"end":{"line":7,"column":52}},"3":{"start":{"line":9,"column":28},"end":{"line":59,"column":1}},"4":{"start":{"line":10,"column":38},"end":{"line":10,"column":81}},"5":{"start":{"line":11,"column":36},"end":{"line":11,"column":90}},"6":{"start":{"line":13,"column":18},"end":{"line":23,"column":5}},"7":{"start":{"line":14,"column":8},"end":{"line":14,"column":49}},"8":{"start":{"line":15,"column":8},"end":{"line":15,"column":28}},"9":{"start":{"line":16,"column":8},"end":{"line":16,"column":67}},"10":{"start":{"line":17,"column":8},"end":{"line":17,"column":30}},"11":{"start":{"line":19,"column":29},"end":{"line":19,"column":45}},"12":{"start":{"line":20,"column":26},"end":{"line":20,"column":44}},"13":{"start":{"line":22,"column":8},"end":{"line":22,"column":63}},"14":{"start":{"line":25,"column":19},"end":{"line":30,"column":5}},"15":{"start":{"line":26,"column":8},"end":{"line":26,"column":45}},"16":{"start":{"line":27,"column":8},"end":{"line":27,"column":27}},"17":{"start":{"line":28,"column":8},"end":{"line":28,"column":44}},"18":{"start":{"line":29,"column":8},"end":{"line":29,"column":26}},"19":{"start":{"line":32,"column":29},"end":{"line":50,"column":5}},"20":{"start":{"line":33,"column":8},"end":{"line":49,"column":9}},"21":{"start":{"line":35,"column":29},"end":{"line":41,"column":14}},"22":{"start":{"line":42,"column":12},"end":{"line":42,"column":75}},"23":{"start":{"line":43,"column":12},"end":{"line":43,"column":33}},"24":{"start":{"line":47,"column":12},"end":{"line":47,"column":70}},"25":{"start":{"line":48,"column":12},"end":{"line":48,"column":24}},"26":{"start":{"line":52,"column":28},"end":{"line":52,"column":39}},"27":{"start":{"line":54,"column":4},"end":{"line":58,"column":6}}},"fnMap":{"0":{"name":"(anonymous_0)","decl":{"start":{"line":7,"column":23},"end":{"line":7,"column":24}},"loc":{"start":{"line":7,"column":29},"end":{"line":7,"column":52}},"line":7},"1":{"name":"(anonymous_1)","decl":{"start":{"line":9,"column":28},"end":{"line":9,"column":29}},"loc":{"start":{"line":9,"column":46},"end":{"line":59,"column":1}},"line":9},"2":{"name":"(anonymous_2)","decl":{"start":{"line":13,"column":18},"end":{"line":13,"column":19}},"loc":{"start":{"line":13,"column":39},"end":{"line":23,"column":5}},"line":13},"3":{"name":"(anonymous_3)","decl":{"start":{"line":25,"column":19},"end":{"line":25,"column":20}},"loc":{"start":{"line":25,"column":25},"end":{"line":30,"column":5}},"line":25},"4":{"name":"(anonymous_4)","decl":{"start":{"line":32,"column":29},"end":{"line":32,"column":30}},"loc":{"start":{"line":32,"column":45},"end":{"line":50,"column":5}},"line":32}},"branchMap":{},"s":{"0":0,"1":0,"2":0,"3":0,"4":0,"5":0,"6":0,"7":0,"8":0,"9":0,"10":0,"11":0,"12":0,"13":0,"14":0,"15":0,"16":0,"17":0,"18":0,"19":0,"20":0,"21":0,"22":0,"23":0,"24":0,"25":0,"26":0,"27":0},"f":{"0":0,"1":0,"2":0,"3":0,"4":0},"b":{}}
}
